This is XeTeX, Version 3.14159265-2.6-0.99992 (TeX Live 2015) (preloaded format=xelatex 2016.5.29)  22 MAR 2017 13:40
entering extended mode
 restricted \write18 enabled.
 file:line:error style messages enabled.
 %&-line parsing enabled.
**DT_Assignment_2.tex
(./DT_Assignment_2.tex
LaTeX2e <2016/03/31>
Babel <3.9q> and hyphenation patterns for 81 language(s) loaded.
(/usr/local/texlive/2015/texmf-dist/tex/latex/base/article.cls
Document Class: article 2014/09/29 v1.4h Standard LaTeX document class
(/usr/local/texlive/2015/texmf-dist/tex/latex/base/size10.clo
File: size10.clo 2014/09/29 v1.4h Standard LaTeX file (size option)
)
\c@part=\count79
\c@section=\count80
\c@subsection=\count81
\c@subsubsection=\count82
\c@paragraph=\count83
\c@subparagraph=\count84
\c@figure=\count85
\c@table=\count86
\abovecaptionskip=\skip41
\belowcaptionskip=\skip42
\bibindent=\dimen102
)
(./DT_Assignment_2.aux)
\openout1 = `DT_Assignment_2.aux'.

LaTeX Font Info:    Checking defaults for OML/cmm/m/it on input line 3.
LaTeX Font Info:    ... okay on input line 3.
LaTeX Font Info:    Checking defaults for T1/cmr/m/n on input line 3.
LaTeX Font Info:    ... okay on input line 3.
LaTeX Font Info:    Checking defaults for OT1/cmr/m/n on input line 3.
LaTeX Font Info:    ... okay on input line 3.
LaTeX Font Info:    Checking defaults for OMS/cmsy/m/n on input line 3.
LaTeX Font Info:    ... okay on input line 3.
LaTeX Font Info:    Checking defaults for OMX/cmex/m/n on input line 3.
LaTeX Font Info:    ... okay on input line 3.
LaTeX Font Info:    Checking defaults for U/cmr/m/n on input line 3.
LaTeX Font Info:    ... okay on input line 3.
LaTeX Font Info:    Try loading font information for OMS+cmr on input line 11.

(/usr/local/texlive/2015/texmf-dist/tex/latex/base/omscmr.fd
File: omscmr.fd 2014/09/29 v2.5h Standard LaTeX font definitions
)
LaTeX Font Info:    Font shape `OMS/cmr/m/n' in size <10> not available
(Font)              Font shape `OMS/cmsy/m/n' tried instead on input line 11.
LaTeX Font Info:    External font `cmex10' loaded for size
(Font)              <7> on input line 14.
LaTeX Font Info:    External font `cmex10' loaded for size
(Font)              <5> on input line 14.

Overfull \hbox (5.68378pt too wide) in paragraph at lines 14--15
[]\OT1/cmr/m/n/10 Click \OT1/cmtt/m/n/10 File \OT1/cmr/m/n/10 in the menu bar $
\OML/cmm/m/it/10 >$ \OT1/cmtt/m/n/10 Export as... $\OML/cmm/m/it/10 >$ \OT1/cmt
t/m/n/10 Interlinear Text... 
 []


Overfull \hbox (5.68378pt too wide) in paragraph at lines 31--32
[]\OT1/cmr/m/n/10 Click \OT1/cmtt/m/n/10 File \OT1/cmr/m/n/10 in the menu bar $
\OML/cmm/m/it/10 >$ \OT1/cmtt/m/n/10 Export as... $\OML/cmm/m/it/10 >$ \OT1/cmt
t/m/n/10 Interlinear Text... 
 []

[1

] (./DT_Assignment_2.aux) ) 
Here is how much of TeX's memory you used:
 224 strings out of 493632
 2551 string characters out of 6144722
 56617 words of memory out of 5000000
 3713 multiletter control sequences out of 15000+600000
 4116 words of font info for 16 fonts, out of 8000000 for 9000
 1328 hyphenation exceptions out of 8191
 23i,4n,19p,338b,170s stack positions out of 5000i,500n,10000p,200000b,80000s

Output written on DT_Assignment_2.pdf (1 page).
